app/build/intermediates/manifest_merge_blame_file/debug/manifest-merger-blame-debug-report.txt
1<?xml version="1.0" encoding="utf-8"?>
2<manifest xmlns:android="http://schemas.android.com/apk/res/android"
3    package="fr.gatens.api"
4    android:versionCode="1"
5    android:versionName="1.0" >
6
7    <uses-sdk
8        android:minSdkVersion="16"
8-->src\main\AndroidManifest.xml
9        android:targetSdkVersion="30" />
9-->src\main\AndroidManifest.xml
10
11    <uses-permission android:name="android.permission.INTERNET" />
11-->src\main\AndroidManifest.xml:5:5-67
11-->src\main\AndroidManifest.xml:5:22-64
12
13    <!-- Although the *SdkVersion is captured in gradle build files, this is required for non gradle builds -->
14    <!-- <uses-sdk android:minSdkVersion="14" /> -->
15    <uses-permission android:name="android.permission.ACCESS_NETWORK_STATE" />
15-->[com.google.firebase:firebase-firestore:22.0.2] AndroidManifest.xml:13:5-79
15-->[com.google.firebase:firebase-firestore:22.0.2] AndroidManifest.xml:13:22-76
16
17    <application
17-->src\main\AndroidManifest.xml:7:5-22:19
18        android:name="androidx.multidex.MultiDexApplication"
19        android:allowBackup="true"
19-->src\main\AndroidManifest.xml:8:9-35
20        android:appComponentFactory="androidx.core.app.CoreComponentFactory"
20-->[androidx.core:core:1.3.1] AndroidManifest.xml:24:18-86
21        android:debuggable="true"
22        android:icon="@mipmap/ic_launcher"
22-->src\main\AndroidManifest.xml:9:9-43
23        android:label="@string/app_name"
23-->src\main\AndroidManifest.xml:10:9-41
24        android:roundIcon="@mipmap/ic_launcher_round"
24-->src\main\AndroidManifest.xml:11:9-54
25        android:supportsRtl="true"
25-->src\main\AndroidManifest.xml:12:9-35
26        android:testOnly="true"
27        android:theme="@style/Theme.API" >
27-->src\main\AndroidManifest.xml:13:9-41
28        <activity android:name="fr.gatens.api.MainActivity" />
28-->src\main\AndroidManifest.xml:14:9-59
28-->src\main\AndroidManifest.xml:14:19-47
29        <activity android:name="fr.gatens.api.HomePage" >
29-->src\main\AndroidManifest.xml:15:9-21:20
29-->src\main\AndroidManifest.xml:15:19-43
30            <intent-filter>
30-->src\main\AndroidManifest.xml:16:13-20:29
31                <action android:name="android.intent.action.MAIN" />
31-->src\main\AndroidManifest.xml:17:17-69
31-->src\main\AndroidManifest.xml:17:25-66
32
33                <category android:name="android.intent.category.LAUNCHER" />
33-->src\main\AndroidManifest.xml:19:17-77
33-->src\main\AndroidManifest.xml:19:27-74
34            </intent-filter>
35        </activity>
36        <activity
36-->[com.google.firebase:firebase-auth:19.2.0] AndroidManifest.xml:24:9-31:50
37            android:name="com.google.firebase.auth.internal.FederatedSignInActivity"
37-->[com.google.firebase:firebase-auth:19.2.0] AndroidManifest.xml:25:13-85
38            android:excludeFromRecents="true"
38-->[com.google.firebase:firebase-auth:19.2.0] AndroidManifest.xml:26:13-46
39            android:exported="true"
39-->[com.google.firebase:firebase-auth:19.2.0] AndroidManifest.xml:27:13-36
40            android:launchMode="singleTask"
40-->[com.google.firebase:firebase-auth:19.2.0] AndroidManifest.xml:28:13-44
41            android:permission="com.google.firebase.auth.api.gms.permission.LAUNCH_FEDERATED_SIGN_IN"
41-->[com.google.firebase:firebase-auth:19.2.0] AndroidManifest.xml:29:13-102
42            android:theme="@android:style/Theme.Translucent.NoTitleBar" />
42-->[com.google.firebase:firebase-auth:19.2.0] AndroidManifest.xml:30:13-72
43
44        <service
44-->[com.google.firebase:firebase-auth:19.2.0] AndroidManifest.xml:33:9-39:19
45            android:name="com.google.firebase.components.ComponentDiscoveryService"
45-->[com.google.firebase:firebase-auth:19.2.0] AndroidManifest.xml:34:13-84
46            android:directBootAware="true"
46-->[com.google.firebase:firebase-common:19.5.0] AndroidManifest.xml:35:13-43
47            android:exported="false" >
47-->[com.google.firebase:firebase-auth:19.2.0] AndroidManifest.xml:35:13-37
48            <meta-data
48-->[com.google.firebase:firebase-auth:19.2.0] AndroidManifest.xml:36:13-38:85
49                android:name="com.google.firebase.components:com.google.firebase.auth.FirebaseAuthRegistrar"
49-->[com.google.firebase:firebase-auth:19.2.0] AndroidManifest.xml:37:17-109
50                android:value="com.google.firebase.components.ComponentRegistrar" />
50-->[com.google.firebase:firebase-auth:19.2.0] AndroidManifest.xml:38:17-82
51            <meta-data
51-->[com.google.firebase:firebase-firestore:22.0.2] AndroidManifest.xml:20:13-22:85
52                android:name="com.google.firebase.components:com.google.firebase.firestore.FirestoreRegistrar"
52-->[com.google.firebase:firebase-firestore:22.0.2] AndroidManifest.xml:21:17-111
53                android:value="com.google.firebase.components.ComponentRegistrar" />
53-->[com.google.firebase:firebase-firestore:22.0.2] AndroidManifest.xml:22:17-82
54            <!--
55                This registrar is not defined in the dynamic-module-support sdk itself to allow non-firebase
56                clients to use it as well, by defining this registrar in their own core/common library.
57            -->
58            <meta-data
58-->[com.google.firebase:firebase-common:19.5.0] AndroidManifest.xml:43:13-45:85
59                android:name="com.google.firebase.components:com.google.firebase.dynamicloading.DynamicLoadingRegistrar"
59-->[com.google.firebase:firebase-common:19.5.0] AndroidManifest.xml:44:17-121
60                android:value="com.google.firebase.components.ComponentRegistrar" />
60-->[com.google.firebase:firebase-common:19.5.0] AndroidManifest.xml:45:17-82
61        </service>
62
63        <activity
63-->[com.google.android.gms:play-services-base:17.1.0] AndroidManifest.xml:23:9-26:75
64            android:name="com.google.android.gms.common.api.GoogleApiActivity"
64-->[com.google.android.gms:play-services-base:17.1.0] AndroidManifest.xml:24:13-79
65            android:exported="false"
65-->[com.google.android.gms:play-services-base:17.1.0] AndroidManifest.xml:25:13-37
66            android:theme="@android:style/Theme.Translucent.NoTitleBar" />
66-->[com.google.android.gms:play-services-base:17.1.0] AndroidManifest.xml:26:13-72
67
68        <provider
68-->[com.google.firebase:firebase-common:19.5.0] AndroidManifest.xml:26:9-31:39
69            android:name="com.google.firebase.provider.FirebaseInitProvider"
69-->[com.google.firebase:firebase-common:19.5.0] AndroidManifest.xml:27:13-77
70            android:authorities="fr.gatens.api.firebaseinitprovider"
70-->[com.google.firebase:firebase-common:19.5.0] AndroidManifest.xml:28:13-72
71            android:directBootAware="true"
71-->[com.google.firebase:firebase-common:19.5.0] AndroidManifest.xml:29:13-43
72            android:exported="false"
72-->[com.google.firebase:firebase-common:19.5.0] AndroidManifest.xml:30:13-37
73            android:initOrder="100" />
73-->[com.google.firebase:firebase-common:19.5.0] AndroidManifest.xml:31:13-36
74
75        <meta-data
75-->[com.google.android.gms:play-services-basement:17.0.0] AndroidManifest.xml:23:9-25:69
76            android:name="com.google.android.gms.version"
76-->[com.google.android.gms:play-services-basement:17.0.0] AndroidManifest.xml:24:13-58
77            android:value="@integer/google_play_services_version" />
77-->[com.google.android.gms:play-services-basement:17.0.0] AndroidManifest.xml:25:13-66
78    </application>
79
80</manifest>